0 info it worked if it ends with ok
1 verbose cli [ '/usr/local/Cellar/node/6.2.1/bin/node',
1 verbose cli   '/usr/local/bin/npm',
1 verbose cli   'info' ]
2 info using npm@3.9.3
3 info using node@v6.2.1
4 silly mapToRegistry name pontinet
5 silly mapToRegistry using default registry
6 silly mapToRegistry registry https://registry.npmjs.org/
7 silly mapToRegistry data Result {
7 silly mapToRegistry   raw: 'pontinet',
7 silly mapToRegistry   scope: null,
7 silly mapToRegistry   name: 'pontinet',
7 silly mapToRegistry   rawSpec: '',
7 silly mapToRegistry   spec: 'latest',
7 silly mapToRegistry   type: 'tag' }
8 silly mapToRegistry uri https://registry.npmjs.org/pontinet
9 verbose request uri https://registry.npmjs.org/pontinet
10 verbose request no auth needed
11 info attempt registry request try #1 at 11:12:38 AM
12 verbose request id 36a7c5ea03385592
13 http request GET https://registry.npmjs.org/pontinet
14 http 404 https://registry.npmjs.org/pontinet
15 verbose headers { 'content-type': 'application/json',
15 verbose headers   'cache-control': 'max-age=0',
15 verbose headers   'content-length': '2',
15 verbose headers   'accept-ranges': 'bytes',
15 verbose headers   date: 'Thu, 23 Jun 2016 16:12:39 GMT',
15 verbose headers   via: '1.1 varnish',
15 verbose headers   age: '0',
15 verbose headers   connection: 'keep-alive',
15 verbose headers   'x-served-by': 'cache-ord1748-ORD',
15 verbose headers   'x-cache': 'MISS',
15 verbose headers   'x-cache-hits': '0',
15 verbose headers   'x-timer': 'S1466698359.743098,VS0,VE90',
15 verbose headers   vary: 'Accept-Encoding' }
16 silly get cb [ 404,
16 silly get   { 'content-type': 'application/json',
16 silly get     'cache-control': 'max-age=0',
16 silly get     'content-length': '2',
16 silly get     'accept-ranges': 'bytes',
16 silly get     date: 'Thu, 23 Jun 2016 16:12:39 GMT',
16 silly get     via: '1.1 varnish',
16 silly get     age: '0',
16 silly get     connection: 'keep-alive',
16 silly get     'x-served-by': 'cache-ord1748-ORD',
16 silly get     'x-cache': 'MISS',
16 silly get     'x-cache-hits': '0',
16 silly get     'x-timer': 'S1466698359.743098,VS0,VE90',
16 silly get     vary: 'Accept-Encoding' } ]
17 verbose stack Error: Registry returned 404 for GET on https://registry.npmjs.org/pontinet
17 verbose stack     at makeError (/usr/local/lib/node_modules/npm/node_modules/npm-registry-client/lib/request.js:264:12)
17 verbose stack     at CachingRegistryClient.<anonymous> (/usr/local/lib/node_modules/npm/node_modules/npm-registry-client/lib/request.js:242:14)
17 verbose stack     at Request._callback (/usr/local/lib/node_modules/npm/node_modules/npm-registry-client/lib/request.js:172:14)
17 verbose stack     at Request.self.callback (/usr/local/lib/node_modules/npm/node_modules/request/request.js:200:22)
17 verbose stack     at emitTwo (events.js:106:13)
17 verbose stack     at Request.emit (events.js:191:7)
17 verbose stack     at Request.<anonymous> (/usr/local/lib/node_modules/npm/node_modules/request/request.js:1067:10)
17 verbose stack     at emitOne (events.js:101:20)
17 verbose stack     at Request.emit (events.js:188:7)
17 verbose stack     at IncomingMessage.<anonymous> (/usr/local/lib/node_modules/npm/node_modules/request/request.js:988:12)
18 verbose statusCode 404
19 verbose pkgid pontinet
20 verbose cwd /Users/Michael/Dropbox/Website Code
21 error Darwin 15.5.0
22 error argv "/usr/local/Cellar/node/6.2.1/bin/node" "/usr/local/bin/npm" "info"
23 error node v6.2.1
24 error npm  v3.9.3
25 error code E404
26 error 404 Registry returned 404 for GET on https://registry.npmjs.org/pontinet
27 error 404
28 error 404 'pontinet' is not in the npm registry.
29 error 404 You should bug the author to publish it (or use the name yourself!)
30 error 404 Note that you can also install from a
31 error 404 tarball, folder, http url, or git url.
32 verbose exit [ 1, true ]
